[04-Apr-2025 12:04:28 UTC] Paziente ID 1 trovato.
[04-Apr-2025 12:04:28 UTC] Inizio gestione immagini per paziente ID 1 (INSERT Nuovo Esame)
[04-Apr-2025 12:04:28 UTC] [salvaImmagineBase64 - f1_1] Stringa base64 vuota, nessuna immagine da salvare.
[04-Apr-2025 12:04:28 UTC] [salvaImmagineBase64 - f2_1] Stringa base64 vuota, nessuna immagine da salvare.
[04-Apr-2025 12:04:28 UTC] [salvaImmagineBase64 - f3_1] Stringa base64 vuota, nessuna immagine da salvare.
[04-Apr-2025 12:04:28 UTC] [salvaImmagineBase64 - f4_1] Stringa base64 vuota, nessuna immagine da salvare.
[04-Apr-2025 12:04:28 UTC] Gestione immagini completata. Nomi file finali: {"foto1":null,"foto2":null,"foto3":null,"foto4":null}
[04-Apr-2025 12:04:28 UTC] Parametri pronti per DB: [":pid",":data",":f1",":f2",":f3",":f4",":note",":altre",":osservazioni",":obiettivo",":iper",":vib",":dn4",":pgic",":screening",":dn4score",":nrs",":pgicscore"]
[04-Apr-2025 12:04:28 UTC] INSERT Nuovo Esame per Paziente ID 1 eseguito.
[04-Apr-2025 12:11:06 UTC] Paziente ID 2 trovato.
[04-Apr-2025 12:11:06 UTC] Inizio gestione immagini per paziente ID 2 (INSERT Nuovo Esame)
[04-Apr-2025 12:11:06 UTC] [salvaImmagineBase64 - f1_2] Tentativo salvataggio in: /home/elmpdenv/new.podologiapacilio.it/screening/php/../foto/f1_2_67efcc5a4eed5.jpg
[04-Apr-2025 12:11:06 UTC] [salvaImmagineBase64 - f1_2] Cartella foto (/home/elmpdenv/new.podologiapacilio.it/screening/php/../foto) risulta scrivibile.
[04-Apr-2025 12:11:06 UTC] [salvaImmagineBase64 - f1_2] File immagine salvato con successo: f1_2_67efcc5a4eed5.jpg
[04-Apr-2025 12:11:06 UTC] [salvaImmagineBase64 - f2_2] Tentativo salvataggio in: /home/elmpdenv/new.podologiapacilio.it/screening/php/../foto/f2_2_67efcc5a4f103.jpg
[04-Apr-2025 12:11:06 UTC] [salvaImmagineBase64 - f2_2] Cartella foto (/home/elmpdenv/new.podologiapacilio.it/screening/php/../foto) risulta scrivibile.
[04-Apr-2025 12:11:06 UTC] [salvaImmagineBase64 - f2_2] File immagine salvato con successo: f2_2_67efcc5a4f103.jpg
[04-Apr-2025 12:11:06 UTC] [salvaImmagineBase64 - f3_2] Tentativo salvataggio in: /home/elmpdenv/new.podologiapacilio.it/screening/php/../foto/f3_2_67efcc5a4f282.jpg
[04-Apr-2025 12:11:06 UTC] [salvaImmagineBase64 - f3_2] Cartella foto (/home/elmpdenv/new.podologiapacilio.it/screening/php/../foto) risulta scrivibile.
[04-Apr-2025 12:11:06 UTC] [salvaImmagineBase64 - f3_2] File immagine salvato con successo: f3_2_67efcc5a4f282.jpg
[04-Apr-2025 12:11:06 UTC] [salvaImmagineBase64 - f4_2] Tentativo salvataggio in: /home/elmpdenv/new.podologiapacilio.it/screening/php/../foto/f4_2_67efcc5a4f3d8.jpg
[04-Apr-2025 12:11:06 UTC] [salvaImmagineBase64 - f4_2] Cartella foto (/home/elmpdenv/new.podologiapacilio.it/screening/php/../foto) risulta scrivibile.
[04-Apr-2025 12:11:06 UTC] [salvaImmagineBase64 - f4_2] File immagine salvato con successo: f4_2_67efcc5a4f3d8.jpg
[04-Apr-2025 12:11:06 UTC] Gestione immagini completata. Nomi file finali: {"foto1":"f1_2_67efcc5a4eed5.jpg","foto2":"f2_2_67efcc5a4f103.jpg","foto3":"f3_2_67efcc5a4f282.jpg","foto4":"f4_2_67efcc5a4f3d8.jpg"}
[04-Apr-2025 12:11:06 UTC] Parametri pronti per DB: [":pid",":data",":f1",":f2",":f3",":f4",":note",":altre",":osservazioni",":obiettivo",":iper",":vib",":dn4",":pgic",":screening",":dn4score",":nrs",":pgicscore"]
[04-Apr-2025 12:11:06 UTC] INSERT Nuovo Esame per Paziente ID 2 eseguito.
[04-Apr-2025 12:12:34 UTC] Paziente ID 2 trovato.
[04-Apr-2025 12:12:34 UTC] Inizio gestione immagini per paziente ID 2 (UPDATE Esame ID: 8)
[04-Apr-2025 12:12:34 UTC] Foto esistenti per esame ID 8: {"foto1":"f1_2_67efcc5a4eed5.jpg","foto2":"f2_2_67efcc5a4f103.jpg","foto3":"f3_2_67efcc5a4f282.jpg","foto4":"f4_2_67efcc5a4f3d8.jpg"}
[04-Apr-2025 12:12:34 UTC] [salvaImmagineBase64 - f1_2] Stringa base64 vuota, nessuna immagine da salvare.
[04-Apr-2025 12:12:34 UTC] [salvaImmagineBase64 - f2_2] Stringa base64 vuota, nessuna immagine da salvare.
[04-Apr-2025 12:12:34 UTC] [salvaImmagineBase64 - f3_2] Stringa base64 vuota, nessuna immagine da salvare.
[04-Apr-2025 12:12:34 UTC] [salvaImmagineBase64 - f4_2] Stringa base64 vuota, nessuna immagine da salvare.
[04-Apr-2025 12:12:34 UTC] Gestione immagini completata. Nomi file finali: {"foto1":"f1_2_67efcc5a4eed5.jpg","foto2":"f2_2_67efcc5a4f103.jpg","foto3":"f3_2_67efcc5a4f282.jpg","foto4":"f4_2_67efcc5a4f3d8.jpg"}
[04-Apr-2025 12:12:34 UTC] Parametri pronti per DB: [":pid",":data",":f1",":f2",":f3",":f4",":note",":altre",":osservazioni",":obiettivo",":iper",":vib",":dn4",":pgic",":screening",":dn4score",":nrs",":pgicscore"]
[04-Apr-2025 12:12:34 UTC] UPDATE Esame ID 8 eseguito.
[04-Apr-2025 12:26:10 UTC] Paziente ID 2 trovato.
[04-Apr-2025 12:26:10 UTC] Inizio gestione immagini per paziente ID 2 (UPDATE Esame ID: 7)
[04-Apr-2025 12:26:10 UTC] Foto esistenti per esame ID 7: {"foto1":"f1_2_67efcc5a4eed5.jpg","foto2":"f2_2_67efcc5a4f103.jpg","foto3":"f3_2_67efcc5a4f282.jpg","foto4":"f4_2_67efcc5a4f3d8.jpg"}
[04-Apr-2025 12:26:10 UTC] [salvaImmagineBase64 - f1_2] Stringa base64 vuota, nessuna immagine da salvare.
[04-Apr-2025 12:26:10 UTC] [salvaImmagineBase64 - f2_2] Stringa base64 vuota, nessuna immagine da salvare.
[04-Apr-2025 12:26:10 UTC] [salvaImmagineBase64 - f3_2] Stringa base64 vuota, nessuna immagine da salvare.
[04-Apr-2025 12:26:10 UTC] [salvaImmagineBase64 - f4_2] Stringa base64 vuota, nessuna immagine da salvare.
[04-Apr-2025 12:26:10 UTC] Gestione immagini completata. Nomi file finali: {"foto1":"f1_2_67efcc5a4eed5.jpg","foto2":"f2_2_67efcc5a4f103.jpg","foto3":"f3_2_67efcc5a4f282.jpg","foto4":"f4_2_67efcc5a4f3d8.jpg"}
[04-Apr-2025 12:26:10 UTC] Parametri pronti per DB: [":pid",":data",":f1",":f2",":f3",":f4",":note",":altre",":osservazioni",":obiettivo",":iper",":vib",":dn4",":pgic",":screening",":dn4score",":nrs",":pgicscore"]
[04-Apr-2025 12:26:10 UTC] UPDATE Esame ID 7 eseguito.
[04-Apr-2025 12:26:48 UTC] Paziente ID 2 trovato.
[04-Apr-2025 12:26:48 UTC] Inizio gestione immagini per paziente ID 2 (UPDATE Esame ID: 7)
[04-Apr-2025 12:26:48 UTC] Foto esistenti per esame ID 7: {"foto1":"f1_2_67efcc5a4eed5.jpg","foto2":"f2_2_67efcc5a4f103.jpg","foto3":"f3_2_67efcc5a4f282.jpg","foto4":"f4_2_67efcc5a4f3d8.jpg"}
[04-Apr-2025 12:26:48 UTC] [salvaImmagineBase64 - f1_2] Stringa base64 vuota, nessuna immagine da salvare.
[04-Apr-2025 12:26:48 UTC] [salvaImmagineBase64 - f2_2] Stringa base64 vuota, nessuna immagine da salvare.
[04-Apr-2025 12:26:48 UTC] [salvaImmagineBase64 - f3_2] Stringa base64 vuota, nessuna immagine da salvare.
[04-Apr-2025 12:26:48 UTC] [salvaImmagineBase64 - f4_2] Stringa base64 vuota, nessuna immagine da salvare.
[04-Apr-2025 12:26:48 UTC] Gestione immagini completata. Nomi file finali: {"foto1":"f1_2_67efcc5a4eed5.jpg","foto2":"f2_2_67efcc5a4f103.jpg","foto3":"f3_2_67efcc5a4f282.jpg","foto4":"f4_2_67efcc5a4f3d8.jpg"}
[04-Apr-2025 12:26:48 UTC] Parametri pronti per DB: [":pid",":data",":f1",":f2",":f3",":f4",":note",":altre",":osservazioni",":obiettivo",":iper",":vib",":dn4",":pgic",":screening",":dn4score",":nrs",":pgicscore"]
[04-Apr-2025 12:26:48 UTC] UPDATE Esame ID 7 eseguito.
[04-Apr-2025 16:40:11 UTC] Paziente ID 2 trovato.
[04-Apr-2025 16:40:11 UTC] Inizio gestione immagini per paziente ID 2 (UPDATE Esame ID: 9)
[04-Apr-2025 16:40:11 UTC] Foto esistenti per esame ID 9: {"foto1":"f1_2_67efcc5a4eed5.jpg","foto2":"f2_2_67efcc5a4f103.jpg","foto3":"f3_2_67efcc5a4f282.jpg","foto4":"f4_2_67efcc5a4f3d8.jpg"}
[04-Apr-2025 16:40:11 UTC] [salvaImmagineBase64 - f1_2] Stringa base64 vuota, nessuna immagine da salvare.
[04-Apr-2025 16:40:11 UTC] [salvaImmagineBase64 - f2_2] Stringa base64 vuota, nessuna immagine da salvare.
[04-Apr-2025 16:40:11 UTC] [salvaImmagineBase64 - f3_2] Stringa base64 vuota, nessuna immagine da salvare.
[04-Apr-2025 16:40:11 UTC] [salvaImmagineBase64 - f4_2] Stringa base64 vuota, nessuna immagine da salvare.
[04-Apr-2025 16:40:11 UTC] Gestione immagini completata. Nomi file finali: {"foto1":"f1_2_67efcc5a4eed5.jpg","foto2":"f2_2_67efcc5a4f103.jpg","foto3":"f3_2_67efcc5a4f282.jpg","foto4":"f4_2_67efcc5a4f3d8.jpg"}
[04-Apr-2025 16:40:11 UTC] Parametri pronti per DB: [":pid",":data",":f1",":f2",":f3",":f4",":note",":altre",":osservazioni",":obiettivo",":iper",":vib",":dn4",":pgic",":screening",":dn4score",":nrs",":pgicscore"]
[04-Apr-2025 16:40:11 UTC] UPDATE Esame ID 9 eseguito.
[08-Apr-2025 12:36:58 UTC] Paziente ID 2 trovato.
[08-Apr-2025 12:36:58 UTC] Inizio gestione immagini per paziente ID 2 (INSERT Nuovo Esame)
[08-Apr-2025 12:36:58 UTC] [salvaImmagineBase64 - f1_2] Tentativo salvataggio in: /home/elmpdenv/new.podologiapacilio.it/screening/php/../foto/f1_2_67f5186a997e6.jpg
[08-Apr-2025 12:36:58 UTC] [salvaImmagineBase64 - f1_2] Cartella foto (/home/elmpdenv/new.podologiapacilio.it/screening/php/../foto) risulta scrivibile.
[08-Apr-2025 12:36:58 UTC] [salvaImmagineBase64 - f1_2] File immagine salvato con successo: f1_2_67f5186a997e6.jpg
[08-Apr-2025 12:36:58 UTC] [salvaImmagineBase64 - f2_2] Tentativo salvataggio in: /home/elmpdenv/new.podologiapacilio.it/screening/php/../foto/f2_2_67f5186a99b32.jpg
[08-Apr-2025 12:36:58 UTC] [salvaImmagineBase64 - f2_2] Cartella foto (/home/elmpdenv/new.podologiapacilio.it/screening/php/../foto) risulta scrivibile.
[08-Apr-2025 12:36:58 UTC] [salvaImmagineBase64 - f2_2] File immagine salvato con successo: f2_2_67f5186a99b32.jpg
[08-Apr-2025 12:36:58 UTC] [salvaImmagineBase64 - f3_2] Tentativo salvataggio in: /home/elmpdenv/new.podologiapacilio.it/screening/php/../foto/f3_2_67f5186a99ded.jpg
[08-Apr-2025 12:36:58 UTC] [salvaImmagineBase64 - f3_2] Cartella foto (/home/elmpdenv/new.podologiapacilio.it/screening/php/../foto) risulta scrivibile.
[08-Apr-2025 12:36:58 UTC] [salvaImmagineBase64 - f3_2] File immagine salvato con successo: f3_2_67f5186a99ded.jpg
[08-Apr-2025 12:36:58 UTC] [salvaImmagineBase64 - f4_2] Tentativo salvataggio in: /home/elmpdenv/new.podologiapacilio.it/screening/php/../foto/f4_2_67f5186a9a319.jpg
[08-Apr-2025 12:36:58 UTC] [salvaImmagineBase64 - f4_2] Cartella foto (/home/elmpdenv/new.podologiapacilio.it/screening/php/../foto) risulta scrivibile.
[08-Apr-2025 12:36:58 UTC] [salvaImmagineBase64 - f4_2] File immagine salvato con successo: f4_2_67f5186a9a319.jpg
[08-Apr-2025 12:36:58 UTC] Gestione immagini completata. Nomi file finali: {"foto1":"f1_2_67f5186a997e6.jpg","foto2":"f2_2_67f5186a99b32.jpg","foto3":"f3_2_67f5186a99ded.jpg","foto4":"f4_2_67f5186a9a319.jpg"}
[08-Apr-2025 12:36:58 UTC] Parametri pronti per DB: [":pid",":data",":f1",":f2",":f3",":f4",":note",":altre",":osservazioni",":obiettivo",":iper",":vib",":dn4",":pgic",":screening",":dn4score",":nrs",":pgicscore"]
[08-Apr-2025 12:36:58 UTC] INSERT Nuovo Esame per Paziente ID 2 eseguito.
[08-Apr-2025 13:19:19 UTC] Paziente ID 1 trovato.
[08-Apr-2025 13:19:19 UTC] Inizio gestione immagini per paziente ID 1 (INSERT Nuovo Esame)
[08-Apr-2025 13:19:19 UTC] [salvaImmagineBase64 - f1_1] Tentativo salvataggio in: /home/elmpdenv/new.podologiapacilio.it/screening/php/../foto/f1_1_67f5225778340.jpg
[08-Apr-2025 13:19:19 UTC] [salvaImmagineBase64 - f1_1] Cartella foto (/home/elmpdenv/new.podologiapacilio.it/screening/php/../foto) risulta scrivibile.
[08-Apr-2025 13:19:19 UTC] [salvaImmagineBase64 - f1_1] File immagine salvato con successo: f1_1_67f5225778340.jpg
[08-Apr-2025 13:19:19 UTC] [salvaImmagineBase64 - f2_1] Tentativo salvataggio in: /home/elmpdenv/new.podologiapacilio.it/screening/php/../foto/f2_1_67f522577877e.jpg
[08-Apr-2025 13:19:19 UTC] [salvaImmagineBase64 - f2_1] Cartella foto (/home/elmpdenv/new.podologiapacilio.it/screening/php/../foto) risulta scrivibile.
[08-Apr-2025 13:19:19 UTC] [salvaImmagineBase64 - f2_1] File immagine salvato con successo: f2_1_67f522577877e.jpg
[08-Apr-2025 13:19:19 UTC] [salvaImmagineBase64 - f3_1] Tentativo salvataggio in: /home/elmpdenv/new.podologiapacilio.it/screening/php/../foto/f3_1_67f5225778ca1.jpg
[08-Apr-2025 13:19:19 UTC] [salvaImmagineBase64 - f3_1] Cartella foto (/home/elmpdenv/new.podologiapacilio.it/screening/php/../foto) risulta scrivibile.
[08-Apr-2025 13:19:19 UTC] [salvaImmagineBase64 - f3_1] File immagine salvato con successo: f3_1_67f5225778ca1.jpg
[08-Apr-2025 13:19:19 UTC] [salvaImmagineBase64 - f4_1] Tentativo salvataggio in: /home/elmpdenv/new.podologiapacilio.it/screening/php/../foto/f4_1_67f5225779147.jpg
[08-Apr-2025 13:19:19 UTC] [salvaImmagineBase64 - f4_1] Cartella foto (/home/elmpdenv/new.podologiapacilio.it/screening/php/../foto) risulta scrivibile.
[08-Apr-2025 13:19:19 UTC] [salvaImmagineBase64 - f4_1] File immagine salvato con successo: f4_1_67f5225779147.jpg
[08-Apr-2025 13:19:19 UTC] Gestione immagini completata. Nomi file finali: {"foto1":"f1_1_67f5225778340.jpg","foto2":"f2_1_67f522577877e.jpg","foto3":"f3_1_67f5225778ca1.jpg","foto4":"f4_1_67f5225779147.jpg"}
[08-Apr-2025 13:19:19 UTC] Parametri pronti per DB: [":pid",":data",":f1",":f2",":f3",":f4",":note",":altre",":osservazioni",":obiettivo",":iper",":vib",":dn4",":pgic",":screening",":dn4score",":nrs",":pgicscore"]
[08-Apr-2025 13:19:19 UTC] INSERT Nuovo Esame per Paziente ID 1 eseguito.
[08-Apr-2025 13:25:39 UTC] Paziente ID 1 trovato.
[08-Apr-2025 13:25:39 UTC] Inizio gestione immagini per paziente ID 1 (UPDATE Esame ID: 1)
[08-Apr-2025 13:25:39 UTC] Foto esistenti per esame ID 1: {"foto1":"f1_1_67f5225778340.jpg","foto2":"f2_1_67f522577877e.jpg","foto3":"f3_1_67f5225778ca1.jpg","foto4":"f4_1_67f5225779147.jpg"}
[08-Apr-2025 13:25:39 UTC] [salvaImmagineBase64 - f1_1] Stringa base64 vuota, nessuna immagine da salvare.
[08-Apr-2025 13:25:39 UTC] [salvaImmagineBase64 - f2_1] Stringa base64 vuota, nessuna immagine da salvare.
[08-Apr-2025 13:25:39 UTC] [salvaImmagineBase64 - f3_1] Stringa base64 vuota, nessuna immagine da salvare.
[08-Apr-2025 13:25:39 UTC] [salvaImmagineBase64 - f4_1] Stringa base64 vuota, nessuna immagine da salvare.
[08-Apr-2025 13:25:39 UTC] Gestione immagini completata. Nomi file finali: {"foto1":"f1_1_67f5225778340.jpg","foto2":"f2_1_67f522577877e.jpg","foto3":"f3_1_67f5225778ca1.jpg","foto4":"f4_1_67f5225779147.jpg"}
[08-Apr-2025 13:25:39 UTC] Parametri pronti per DB: [":pid",":data",":f1",":f2",":f3",":f4",":note",":altre",":osservazioni",":obiettivo",":iper",":vib",":dn4",":pgic",":screening",":dn4score",":nrs",":pgicscore"]
[08-Apr-2025 13:25:39 UTC] UPDATE Esame ID 1 eseguito.
[08-Apr-2025 13:27:00 UTC] Paziente ID 1 trovato.
[08-Apr-2025 13:27:00 UTC] Inizio gestione immagini per paziente ID 1 (UPDATE Esame ID: 2)
[08-Apr-2025 13:27:00 UTC] Foto esistenti per esame ID 2: {"foto1":"f1_1_67f5225778340.jpg","foto2":"f2_1_67f522577877e.jpg","foto3":"f3_1_67f5225778ca1.jpg","foto4":"f4_1_67f5225779147.jpg"}
[08-Apr-2025 13:27:00 UTC] [salvaImmagineBase64 - f1_1] Stringa base64 vuota, nessuna immagine da salvare.
[08-Apr-2025 13:27:00 UTC] [salvaImmagineBase64 - f2_1] Stringa base64 vuota, nessuna immagine da salvare.
[08-Apr-2025 13:27:00 UTC] [salvaImmagineBase64 - f3_1] Stringa base64 vuota, nessuna immagine da salvare.
[08-Apr-2025 13:27:00 UTC] [salvaImmagineBase64 - f4_1] Stringa base64 vuota, nessuna immagine da salvare.
[08-Apr-2025 13:27:00 UTC] Gestione immagini completata. Nomi file finali: {"foto1":"f1_1_67f5225778340.jpg","foto2":"f2_1_67f522577877e.jpg","foto3":"f3_1_67f5225778ca1.jpg","foto4":"f4_1_67f5225779147.jpg"}
[08-Apr-2025 13:27:00 UTC] Parametri pronti per DB: [":pid",":data",":f1",":f2",":f3",":f4",":note",":altre",":osservazioni",":obiettivo",":iper",":vib",":dn4",":pgic",":screening",":dn4score",":nrs",":pgicscore"]
[08-Apr-2025 13:27:00 UTC] UPDATE Esame ID 2 eseguito.
[09-Apr-2025 13:33:36 UTC] Paziente ID 3 trovato.
[09-Apr-2025 13:33:36 UTC] Inizio gestione immagini per paziente ID 3 (INSERT Nuovo Esame)
[09-Apr-2025 13:33:36 UTC] [salvaImmagineBase64 - f1_3] Tentativo salvataggio in: /home/elmpdenv/new.podologiapacilio.it/screening/php/../foto/f1_3_67f67730d2d0a.jpg
[09-Apr-2025 13:33:36 UTC] [salvaImmagineBase64 - f1_3] Cartella foto (/home/elmpdenv/new.podologiapacilio.it/screening/php/../foto) risulta scrivibile.
[09-Apr-2025 13:33:36 UTC] [salvaImmagineBase64 - f1_3] File immagine salvato con successo: f1_3_67f67730d2d0a.jpg
[09-Apr-2025 13:33:36 UTC] [salvaImmagineBase64 - f2_3] Tentativo salvataggio in: /home/elmpdenv/new.podologiapacilio.it/screening/php/../foto/f2_3_67f67730d303e.jpg
[09-Apr-2025 13:33:36 UTC] [salvaImmagineBase64 - f2_3] Cartella foto (/home/elmpdenv/new.podologiapacilio.it/screening/php/../foto) risulta scrivibile.
[09-Apr-2025 13:33:36 UTC] [salvaImmagineBase64 - f2_3] File immagine salvato con successo: f2_3_67f67730d303e.jpg
[09-Apr-2025 13:33:36 UTC] [salvaImmagineBase64 - f3_3] Tentativo salvataggio in: /home/elmpdenv/new.podologiapacilio.it/screening/php/../foto/f3_3_67f67730d3249.jpg
[09-Apr-2025 13:33:36 UTC] [salvaImmagineBase64 - f3_3] Cartella foto (/home/elmpdenv/new.podologiapacilio.it/screening/php/../foto) risulta scrivibile.
[09-Apr-2025 13:33:36 UTC] [salvaImmagineBase64 - f3_3] File immagine salvato con successo: f3_3_67f67730d3249.jpg
[09-Apr-2025 13:33:36 UTC] [salvaImmagineBase64 - f4_3] Tentativo salvataggio in: /home/elmpdenv/new.podologiapacilio.it/screening/php/../foto/f4_3_67f67730d3441.jpg
[09-Apr-2025 13:33:36 UTC] [salvaImmagineBase64 - f4_3] Cartella foto (/home/elmpdenv/new.podologiapacilio.it/screening/php/../foto) risulta scrivibile.
[09-Apr-2025 13:33:36 UTC] [salvaImmagineBase64 - f4_3] File immagine salvato con successo: f4_3_67f67730d3441.jpg
[09-Apr-2025 13:33:36 UTC] Gestione immagini completata. Nomi file finali: {"foto1":"f1_3_67f67730d2d0a.jpg","foto2":"f2_3_67f67730d303e.jpg","foto3":"f3_3_67f67730d3249.jpg","foto4":"f4_3_67f67730d3441.jpg"}
[09-Apr-2025 13:33:36 UTC] Parametri pronti per DB: [":pid",":data",":f1",":f2",":f3",":f4",":note",":altre",":osservazioni",":obiettivo",":iper",":vib",":dn4",":pgic",":screening",":dn4score",":nrs",":pgicscore"]
[09-Apr-2025 13:33:36 UTC] INSERT Nuovo Esame per Paziente ID 3 eseguito.
[09-Apr-2025 14:05:22 UTC] Paziente ID 2 trovato.
[09-Apr-2025 14:05:22 UTC] Inizio gestione immagini per paziente ID 2 (INSERT Nuovo Esame)
[09-Apr-2025 14:05:22 UTC] [salvaImmagineBase64 - f1_2] Tentativo salvataggio in: /home/elmpdenv/new.podologiapacilio.it/screening/php/../foto/f1_2_67f67ea2ab125.jpg
[09-Apr-2025 14:05:22 UTC] [salvaImmagineBase64 - f1_2] Cartella foto (/home/elmpdenv/new.podologiapacilio.it/screening/php/../foto) risulta scrivibile.
[09-Apr-2025 14:05:22 UTC] [salvaImmagineBase64 - f1_2] File immagine salvato con successo: f1_2_67f67ea2ab125.jpg
[09-Apr-2025 14:05:22 UTC] [salvaImmagineBase64 - f2_2] Tentativo salvataggio in: /home/elmpdenv/new.podologiapacilio.it/screening/php/../foto/f2_2_67f67ea2ab37a.jpg
[09-Apr-2025 14:05:22 UTC] [salvaImmagineBase64 - f2_2] Cartella foto (/home/elmpdenv/new.podologiapacilio.it/screening/php/../foto) risulta scrivibile.
[09-Apr-2025 14:05:22 UTC] [salvaImmagineBase64 - f2_2] File immagine salvato con successo: f2_2_67f67ea2ab37a.jpg
[09-Apr-2025 14:05:22 UTC] [salvaImmagineBase64 - f3_2] Tentativo salvataggio in: /home/elmpdenv/new.podologiapacilio.it/screening/php/../foto/f3_2_67f67ea2ab500.jpg
[09-Apr-2025 14:05:22 UTC] [salvaImmagineBase64 - f3_2] Cartella foto (/home/elmpdenv/new.podologiapacilio.it/screening/php/../foto) risulta scrivibile.
[09-Apr-2025 14:05:22 UTC] [salvaImmagineBase64 - f3_2] File immagine salvato con successo: f3_2_67f67ea2ab500.jpg
[09-Apr-2025 14:05:22 UTC] [salvaImmagineBase64 - f4_2] Tentativo salvataggio in: /home/elmpdenv/new.podologiapacilio.it/screening/php/../foto/f4_2_67f67ea2ab6c2.jpg
[09-Apr-2025 14:05:22 UTC] [salvaImmagineBase64 - f4_2] Cartella foto (/home/elmpdenv/new.podologiapacilio.it/screening/php/../foto) risulta scrivibile.
[09-Apr-2025 14:05:22 UTC] [salvaImmagineBase64 - f4_2] File immagine salvato con successo: f4_2_67f67ea2ab6c2.jpg
[09-Apr-2025 14:05:22 UTC] Gestione immagini completata. Nomi file finali: {"foto1":"f1_2_67f67ea2ab125.jpg","foto2":"f2_2_67f67ea2ab37a.jpg","foto3":"f3_2_67f67ea2ab500.jpg","foto4":"f4_2_67f67ea2ab6c2.jpg"}
[09-Apr-2025 14:05:22 UTC] Parametri pronti per DB: [":pid",":data",":f1",":f2",":f3",":f4",":note",":altre",":osservazioni",":obiettivo",":iper",":vib",":dn4",":pgic",":screening",":dn4score",":nrs",":pgicscore"]
[09-Apr-2025 14:05:22 UTC] INSERT Nuovo Esame per Paziente ID 2 eseguito.
[09-Apr-2025 15:17:19 UTC] Paziente ID 2 trovato.
[09-Apr-2025 15:17:19 UTC] Inizio gestione immagini per paziente ID 2 (INSERT Nuovo Esame)
[09-Apr-2025 15:17:19 UTC] [salvaImmagineBase64 - f1_2] Tentativo salvataggio in: /home/elmpdenv/new.podologiapacilio.it/screening/php/../foto/f1_2_67f68f7f0866a.jpg
[09-Apr-2025 15:17:19 UTC] [salvaImmagineBase64 - f1_2] Cartella foto (/home/elmpdenv/new.podologiapacilio.it/screening/php/../foto) risulta scrivibile.
[09-Apr-2025 15:17:19 UTC] [salvaImmagineBase64 - f1_2] File immagine salvato con successo: f1_2_67f68f7f0866a.jpg
[09-Apr-2025 15:17:19 UTC] [salvaImmagineBase64 - f2_2] Tentativo salvataggio in: /home/elmpdenv/new.podologiapacilio.it/screening/php/../foto/f2_2_67f68f7f089a1.jpg
[09-Apr-2025 15:17:19 UTC] [salvaImmagineBase64 - f2_2] Cartella foto (/home/elmpdenv/new.podologiapacilio.it/screening/php/../foto) risulta scrivibile.
[09-Apr-2025 15:17:19 UTC] [salvaImmagineBase64 - f2_2] File immagine salvato con successo: f2_2_67f68f7f089a1.jpg
[09-Apr-2025 15:17:19 UTC] [salvaImmagineBase64 - f3_2] Tentativo salvataggio in: /home/elmpdenv/new.podologiapacilio.it/screening/php/../foto/f3_2_67f68f7f08bef.jpg
[09-Apr-2025 15:17:19 UTC] [salvaImmagineBase64 - f3_2] Cartella foto (/home/elmpdenv/new.podologiapacilio.it/screening/php/../foto) risulta scrivibile.
[09-Apr-2025 15:17:19 UTC] [salvaImmagineBase64 - f3_2] File immagine salvato con successo: f3_2_67f68f7f08bef.jpg
[09-Apr-2025 15:17:19 UTC] [salvaImmagineBase64 - f4_2] Tentativo salvataggio in: /home/elmpdenv/new.podologiapacilio.it/screening/php/../foto/f4_2_67f68f7f08e17.jpg
[09-Apr-2025 15:17:19 UTC] [salvaImmagineBase64 - f4_2] Cartella foto (/home/elmpdenv/new.podologiapacilio.it/screening/php/../foto) risulta scrivibile.
[09-Apr-2025 15:17:19 UTC] [salvaImmagineBase64 - f4_2] File immagine salvato con successo: f4_2_67f68f7f08e17.jpg
[09-Apr-2025 15:17:19 UTC] Gestione immagini completata. Nomi file finali: {"foto1":"f1_2_67f68f7f0866a.jpg","foto2":"f2_2_67f68f7f089a1.jpg","foto3":"f3_2_67f68f7f08bef.jpg","foto4":"f4_2_67f68f7f08e17.jpg"}
[09-Apr-2025 15:17:19 UTC] Parametri pronti per DB: [":pid",":data",":f1",":f2",":f3",":f4",":note",":altre",":osservazioni",":obiettivo",":iper",":vib",":dn4",":pgic",":screening",":dn4score",":nrs",":pgicscore"]
[09-Apr-2025 15:17:19 UTC] INSERT Nuovo Esame per Paziente ID 2 eseguito.
[09-Apr-2025 15:25:14 UTC] Paziente ID 2 trovato.
[09-Apr-2025 15:25:14 UTC] Inizio gestione immagini per paziente ID 2 (UPDATE Esame ID: 6)
[09-Apr-2025 15:25:14 UTC] Foto esistenti per esame ID 6: {"foto1":"f1_2_67f67ea2ab125.jpg","foto2":"f2_2_67f67ea2ab37a.jpg","foto3":"f3_2_67f67ea2ab500.jpg","foto4":"f4_2_67f67ea2ab6c2.jpg"}
[09-Apr-2025 15:25:14 UTC] [salvaImmagineBase64 - f1_2] Stringa base64 vuota, nessuna immagine da salvare.
[09-Apr-2025 15:25:14 UTC] [salvaImmagineBase64 - f2_2] Stringa base64 vuota, nessuna immagine da salvare.
[09-Apr-2025 15:25:14 UTC] [salvaImmagineBase64 - f3_2] Stringa base64 vuota, nessuna immagine da salvare.
[09-Apr-2025 15:25:14 UTC] [salvaImmagineBase64 - f4_2] Stringa base64 vuota, nessuna immagine da salvare.
[09-Apr-2025 15:25:14 UTC] Gestione immagini completata. Nomi file finali: {"foto1":"f1_2_67f67ea2ab125.jpg","foto2":"f2_2_67f67ea2ab37a.jpg","foto3":"f3_2_67f67ea2ab500.jpg","foto4":"f4_2_67f67ea2ab6c2.jpg"}
[09-Apr-2025 15:25:14 UTC] Parametri pronti per DB: [":pid",":data",":f1",":f2",":f3",":f4",":note",":altre",":osservazioni",":obiettivo",":iper",":vib",":dn4",":pgic",":screening",":dn4score",":nrs",":pgicscore"]
[09-Apr-2025 15:25:14 UTC] UPDATE Esame ID 6 eseguito.
